<?xml version="1.0" encoding="UTF-8"?>
<!-- Generated by org.testng.reporters.JUnitReportReporter -->
<testsuite hostname="LAPTOP-CQ86O74I" failures="0" tests="4" name="test.LoginTest" time="6.323" errors="0" timestamp="2023-02-15T21:43:21 IST" skipped="0">
  <testcase classname="test.LoginTest" name="verifyBuildTitleName" time="0.010"/>
  <system-out/>
  <testcase classname="test.LoginTest" name="verifyTitleOfLoginPage" time="1.065"/>
  <system-out/>
  <testcase classname="test.LoginTest" name="verifyCurrentUrlOfPage" time="0.005"/>
  <system-out/>
  <testcase classname="test.LoginTest" name="verifyLoginWithCorrectCredentials" time="5.243"/>
  <system-out/>
</testsuite> <!-- test.LoginTest -->
