<?xml version="1.0" encoding="UTF-8"?>
<!-- Generated by org.testng.reporters.JUnitReportReporter -->
<testsuite hostname="LAPTOP-CQ86O74I" failures="0" tests="4" name="test.PIMTest" time="2.707" errors="0" timestamp="2023-02-15T21:43:21 IST" skipped="0">
  <testcase classname="test.PIMTest" name="verifyPimPageTitle" time="2.594"/>
  <system-out/>
  <testcase classname="test.PIMTest" name="verifyEmpSearchEmpId" time="0.111"/>
  <system-out/>
  <testcase classname="test.PIMTest" name="TestIngChanges" time="0.001"/>
  <system-out/>
  <testcase classname="test.PIMTest" name="TestGit1" time="0.001"/>
  <system-out/>
</testsuite> <!-- test.PIMTest -->
